<?xml version="1.0" encoding="UTF-8"?>
<testsuite xmlns:xsi="http://www.w3.org/2001/XMLSchema-instance" xsi:noNamespaceSchemaLocation="https://maven.apache.org/surefire/maven-surefire-plugin/xsd/surefire-test-report-3.0.xsd" version="3.0" name="DiceTest" time="0.123" tests="3" errors="0" skipped="0" failures="0">
  <properties>
    <property name="java.specification.version" value="22"/>
    <property name="sun.cpu.isalist" value="amd64"/>
    <property name="sun.jnu.encoding" value="Cp1252"/>
    <property name="java.class.path" value="C:\Users\tindr\Documents\NTNU_VT25\Programmering2\mappevurdering\Boardgame\BoardGameProject\target\test-classes;C:\Users\tindr\Documents\NTNU_VT25\Programmering2\mappevurdering\Boardgame\BoardGameProject\target\classes;C:\Users\tindr\.m2\repository\junit\junit\4.13.2\junit-4.13.2.jar;C:\Users\tindr\.m2\repository\org\hamcrest\hamcrest-core\1.3\hamcrest-core-1.3.jar;C:\Users\tindr\.m2\repository\org\junit\jupiter\junit-jupiter\5.13.0-M1\junit-jupiter-5.13.0-M1.jar;C:\Users\tindr\.m2\repository\org\junit\jupiter\junit-jupiter-api\5.13.0-M1\junit-jupiter-api-5.13.0-M1.jar;C:\Users\tindr\.m2\repository\org\opentest4j\opentest4j\1.3.0\opentest4j-1.3.0.jar;C:\Users\tindr\.m2\repository\org\junit\platform\junit-platform-commons\1.13.0-M1\junit-platform-commons-1.13.0-M1.jar;C:\Users\tindr\.m2\repository\org\apiguardian\apiguardian-api\1.1.2\apiguardian-api-1.1.2.jar;C:\Users\tindr\.m2\repository\org\junit\jupiter\junit-jupiter-params\5.13.0-M1\junit-jupiter-params-5.13.0-M1.jar;C:\Users\tindr\.m2\repository\org\junit\jupiter\junit-jupiter-engine\5.13.0-M1\junit-jupiter-engine-5.13.0-M1.jar;C:\Users\tindr\.m2\repository\org\junit\platform\junit-platform-engine\1.13.0-M1\junit-platform-engine-1.13.0-M1.jar;C:\Users\tindr\.m2\repository\com\google\code\gson\gson\2.10.1\gson-2.10.1.jar;C:\Users\tindr\.m2\repository\org\openjfx\javafx-controls\21\javafx-controls-21.jar;C:\Users\tindr\.m2\repository\org\openjfx\javafx-controls\21\javafx-controls-21-win.jar;C:\Users\tindr\.m2\repository\org\openjfx\javafx-graphics\21\javafx-graphics-21.jar;C:\Users\tindr\.m2\repository\org\openjfx\javafx-graphics\21\javafx-graphics-21-win.jar;C:\Users\tindr\.m2\repository\org\openjfx\javafx-base\21\javafx-base-21.jar;C:\Users\tindr\.m2\repository\org\openjfx\javafx-base\21\javafx-base-21-win.jar;C:\Users\tindr\.m2\repository\org\openjfx\javafx-fxml\21\javafx-fxml-21.jar;C:\Users\tindr\.m2\repository\org\openjfx\javafx-fxml\21\javafx-fxml-21-win.jar;"/>
    <property name="java.vm.vendor" value="Oracle Corporation"/>
    <property name="sun.arch.data.model" value="64"/>
    <property name="user.variant" value=""/>
    <property name="java.vendor.url" value="https://java.oracle.com/"/>
    <property name="user.timezone" value="Europe/Stockholm"/>
    <property name="os.name" value="Windows 11"/>
    <property name="java.vm.specification.version" value="22"/>
    <property name="sun.java.launcher" value="SUN_STANDARD"/>
    <property name="user.country" value="SE"/>
    <property name="sun.boot.library.path" value="C:\Program Files\Java\jdk-22\bin"/>
    <property name="sun.java.command" value="C:\Users\tindr\AppData\Local\Temp\surefire17047431975166007926\surefirebooter-20250322174805411_3.jar C:\Users\tindr\AppData\Local\Temp\surefire17047431975166007926 2025-03-22T17-48-02_627-jvmRun1 surefire-20250322174805411_1tmp surefire_0-20250322174805411_2tmp"/>
    <property name="jdk.debug" value="release"/>
    <property name="surefire.test.class.path" value="C:\Users\tindr\Documents\NTNU_VT25\Programmering2\mappevurdering\Boardgame\BoardGameProject\target\test-classes;C:\Users\tindr\Documents\NTNU_VT25\Programmering2\mappevurdering\Boardgame\BoardGameProject\target\classes;C:\Users\tindr\.m2\repository\junit\junit\4.13.2\junit-4.13.2.jar;C:\Users\tindr\.m2\repository\org\hamcrest\hamcrest-core\1.3\hamcrest-core-1.3.jar;C:\Users\tindr\.m2\repository\org\junit\jupiter\junit-jupiter\5.13.0-M1\junit-jupiter-5.13.0-M1.jar;C:\Users\tindr\.m2\repository\org\junit\jupiter\junit-jupiter-api\5.13.0-M1\junit-jupiter-api-5.13.0-M1.jar;C:\Users\tindr\.m2\repository\org\opentest4j\opentest4j\1.3.0\opentest4j-1.3.0.jar;C:\Users\tindr\.m2\repository\org\junit\platform\junit-platform-commons\1.13.0-M1\junit-platform-commons-1.13.0-M1.jar;C:\Users\tindr\.m2\repository\org\apiguardian\apiguardian-api\1.1.2\apiguardian-api-1.1.2.jar;C:\Users\tindr\.m2\repository\org\junit\jupiter\junit-jupiter-params\5.13.0-M1\junit-jupiter-params-5.13.0-M1.jar;C:\Users\tindr\.m2\repository\org\junit\jupiter\junit-jupiter-engine\5.13.0-M1\junit-jupiter-engine-5.13.0-M1.jar;C:\Users\tindr\.m2\repository\org\junit\platform\junit-platform-engine\1.13.0-M1\junit-platform-engine-1.13.0-M1.jar;C:\Users\tindr\.m2\repository\com\google\code\gson\gson\2.10.1\gson-2.10.1.jar;C:\Users\tindr\.m2\repository\org\openjfx\javafx-controls\21\javafx-controls-21.jar;C:\Users\tindr\.m2\repository\org\openjfx\javafx-controls\21\javafx-controls-21-win.jar;C:\Users\tindr\.m2\repository\org\openjfx\javafx-graphics\21\javafx-graphics-21.jar;C:\Users\tindr\.m2\repository\org\openjfx\javafx-graphics\21\javafx-graphics-21-win.jar;C:\Users\tindr\.m2\repository\org\openjfx\javafx-base\21\javafx-base-21.jar;C:\Users\tindr\.m2\repository\org\openjfx\javafx-base\21\javafx-base-21-win.jar;C:\Users\tindr\.m2\repository\org\openjfx\javafx-fxml\21\javafx-fxml-21.jar;C:\Users\tindr\.m2\repository\org\openjfx\javafx-fxml\21\javafx-fxml-21-win.jar;"/>
    <property name="sun.cpu.endian" value="little"/>
    <property name="user.home" value="C:\Users\tindr"/>
    <property name="user.language" value="sv"/>
    <property name="java.specification.vendor" value="Oracle Corporation"/>
    <property name="java.version.date" value="2024-07-16"/>
    <property name="java.home" value="C:\Program Files\Java\jdk-22"/>
    <property name="file.separator" value="\"/>
    <property name="basedir" value="C:\Users\tindr\Documents\NTNU_VT25\Programmering2\mappevurdering\Boardgame\BoardGameProject"/>
    <property name="java.vm.compressedOopsMode" value="Zero based"/>
    <property name="line.separator" value="&#10;"/>
    <property name="java.vm.specification.vendor" value="Oracle Corporation"/>
    <property name="java.specification.name" value="Java Platform API Specification"/>
    <property name="surefire.real.class.path" value="C:\Users\tindr\AppData\Local\Temp\surefire17047431975166007926\surefirebooter-20250322174805411_3.jar"/>
    <property name="user.script" value=""/>
    <property name="sun.management.compiler" value="HotSpot 64-Bit Tiered Compilers"/>
    <property name="java.runtime.version" value="22.0.2+9-70"/>
    <property name="user.name" value="tindr"/>
    <property name="stdout.encoding" value="Cp1252"/>
    <property name="path.separator" value=";"/>
    <property name="os.version" value="10.0"/>
    <property name="java.runtime.name" value="Java(TM) SE Runtime Environment"/>
    <property name="file.encoding" value="UTF-8"/>
    <property name="java.vm.name" value="Java HotSpot(TM) 64-Bit Server VM"/>
    <property name="localRepository" value="C:\Users\tindr\.m2\repository"/>
    <property name="java.vendor.url.bug" value="https://bugreport.java.com/bugreport/"/>
    <property name="java.io.tmpdir" value="C:\Users\tindr\AppData\Local\Temp\"/>
    <property name="java.version" value="22.0.2"/>
    <property name="user.dir" value="C:\Users\tindr\Documents\NTNU_VT25\Programmering2\mappevurdering\Boardgame\BoardGameProject"/>
    <property name="os.arch" value="amd64"/>
    <property name="java.vm.specification.name" value="Java Virtual Machine Specification"/>
    <property name="sun.os.patch.level" value=""/>
    <property name="native.encoding" value="Cp1252"/>
    <property name="java.library.path" value="C:\Program Files\Java\jdk-22\bin;C:\Windows\Sun\Java\bin;C:\Windows\system32;C:\Windows;C:\Program Files\Common Files\Oracle\Java\javapath;C:\Windows\system32;C:\Windows;C:\Windows\System32\Wbem;C:\Windows\System32\WindowsPowerShell\v1.0\;C:\Windows\System32\OpenSSH\;C:\Program Files\Git\cmd;C:\Program Files\GitHub CLI\;C:\Program Files\Java\jdk-22\bin;C:\Maven\apache-maven-3.9.9\bin;C:\Program Files\Go\bin;C:\Program Files\Docker\Docker\resources\bin;C:\apps\Python 3.12.5\Scripts\;C:\apps\Python 3.12.5\;C:\Users\tindr\AppData\Local\Microsoft\WindowsApps;C:\Users\tindr\AppData\Local\Programs\Microsoft VS Code\bin;C:\Users\tindr\go\bin;."/>
    <property name="java.vm.info" value="mixed mode, sharing"/>
    <property name="stderr.encoding" value="Cp1252"/>
    <property name="java.vendor" value="Oracle Corporation"/>
    <property name="java.vm.version" value="22.0.2+9-70"/>
    <property name="sun.io.unicode.encoding" value="UnicodeLittle"/>
    <property name="java.class.version" value="66.0"/>
  </properties>
  <testcase name="testRoll" classname="DiceTest" time="0.056"/>
  <testcase name="testGetDie" classname="DiceTest" time="0.004"/>
  <testcase name="testGetDieInvalidIndex" classname="DiceTest" time="0.008"/>
</testsuite>